  Source.cpp
c:\users\user\source\repos\tetr2\tetr2\source.cpp(370): warning C4244: аргумент: преобразование "time_t" в "unsigned int", возможна потеря данных
c:\users\user\source\repos\tetr2\tetr2\source.cpp(407): warning C4305: инициализация: усечение из "double" в "float"
c:\users\user\source\repos\tetr2\tetr2\source.cpp(461): warning C4244: аргумент: преобразование "int" в "float", возможна потеря данных
c:\users\user\source\repos\tetr2\tetr2\source.cpp(464): warning C4244: аргумент: преобразование "int" в "float", возможна потеря данных
c:\users\user\source\repos\tetr2\tetr2\source.cpp(469): warning C4244: аргумент: преобразование "int" в "float", возможна потеря данных
c:\users\user\source\repos\tetr2\tetr2\source.cpp(472): warning C4244: аргумент: преобразование "int" в "float", возможна потеря данных
c:\users\user\source\repos\tetr2\tetr2\source.cpp(517): warning C4244: аргумент: преобразование "int" в "float", возможна потеря данных
c:\users\user\source\repos\tetr2\tetr2\source.cpp(520): warning C4244: аргумент: преобразование "int" в "float", возможна потеря данных
c:\users\user\source\repos\tetr2\tetr2\source.cpp(525): warning C4244: аргумент: преобразование "int" в "float", возможна потеря данных
c:\users\user\source\repos\tetr2\tetr2\source.cpp(528): warning C4244: аргумент: преобразование "int" в "float", возможна потеря данных
c:\users\user\source\repos\tetr2\tetr2\source.cpp(615): warning C4305: =: усечение из "double" в "float"
c:\users\user\source\repos\tetr2\tetr2\source.cpp(718): warning C4244: аргумент: преобразование "int" в "float", возможна потеря данных
c:\users\user\source\repos\tetr2\tetr2\source.cpp(737): warning C4244: =: преобразование "double" в "float", возможна потеря данных
c:\users\user\source\repos\tetr2\tetr2\source.cpp(738): warning C4305: =: усечение из "double" в "float"
c:\users\user\source\repos\tetr2\tetr2\source.cpp(749): warning C4244: аргумент: преобразование "int" в "float", возможна потеря данных
c:\users\user\source\repos\tetr2\tetr2\source.cpp(757): warning C4244: аргумент: преобразование "int" в "float", возможна потеря данных
c:\users\user\source\repos\tetr2\tetr2\source.cpp(764): warning C4244: аргумент: преобразование "int" в "float", возможна потеря данных
c:\users\user\source\repos\tetr2\tetr2\source.cpp(771): warning C4244: аргумент: преобразование "int" в "float", возможна потеря данных
c:\users\user\source\repos\tetr2\tetr2\source.cpp(778): warning C4244: аргумент: преобразование "int" в "float", возможна потеря данных
c:\users\user\source\repos\tetr2\tetr2\source.cpp(847): warning C4244: аргумент: преобразование "time_t" в "unsigned int", возможна потеря данных
     Создается библиотека C:\Users\User\source\repos\tetr2\x64\Release\tetr2.lib и объект C:\Users\User\source\repos\tetr2\x64\Release\tetr2.exp
  Создание кода
  1 of 116 functions ( 0.9%) were compiled, the rest were copied from previous compilation.
    0 functions were new in current compilation
    1 functions had inline decision re-evaluated but remain unchanged
  Создание кода завершено
  tetr2.vcxproj -> C:\Users\User\source\repos\tetr2\x64\Release\tetr2.exe
